1480288173399	geckodriver	INFO	Listening on 127.0.0.1:62215
1480288175393	mozprofile::profile	INFO	Using profile path C:\Users\cchoy\AppData\Local\Temp\rust_mozprofile.ivwcU1z7LQIU
1480288175403	geckodriver::marionette	INFO	Starting browser C:\Program Files\Mozilla Firefox\firefox.exe
1480288175408	geckodriver::marionette	INFO	Connecting to Marionette on localhost:62223
1480288175644	addons.manager	DEBUG	Application has been upgraded
1480288175913	addons.manager	DEBUG	Loaded provider scope for resource://gre/modules/addons/XPIProvider.jsm: ["XPIProvider"]
1480288175915	addons.manager	DEBUG	Loaded provider scope for resource://gre/modules/LightweightThemeManager.jsm: ["LightweightThemeManager"]
1480288175918	addons.manager	DEBUG	Loaded provider scope for resource://gre/modules/addons/GMPProvider.jsm
1480288175920	addons.manager	DEBUG	Loaded provider scope for resource://gre/modules/addons/PluginProvider.jsm
1480288175920	addons.manager	DEBUG	Starting provider: XPIProvider
1480288175921	addons.xpi	DEBUG	startup
1480288175921	addons.xpi	INFO	SystemAddonInstallLocation directory is missing
1480288175922	addons.xpi	INFO	Mapping e10srollout@mozilla.org to C:\Program Files\Mozilla Firefox\browser\features\e10srollout@mozilla.org.xpi
1480288175922	addons.xpi	INFO	Mapping firefox@getpocket.com to C:\Program Files\Mozilla Firefox\browser\features\firefox@getpocket.com.xpi
1480288175922	addons.xpi	INFO	Mapping loop@mozilla.org to C:\Program Files\Mozilla Firefox\browser\features\loop@mozilla.org.xpi
1480288175923	addons.xpi	INFO	Mapping {972ce4c6-7e08-4474-a285-3208198ce6fd} to C:\Program Files\Mozilla Firefox\browser\extensions\{972ce4c6-7e08-4474-a285-3208198ce6fd}.xpi
1480288175924	addons.xpi	DEBUG	checkForChanges
1480288175924	addons.xpi	DEBUG	Loaded add-on state from prefs: {}
1480288175925	addons.xpi	DEBUG	New add-on e10srollout@mozilla.org in app-system-defaults
1480288175925	addons.xpi	DEBUG	getModTime: Recursive scan of e10srollout@mozilla.org
1480288175926	addons.xpi	DEBUG	New add-on firefox@getpocket.com in app-system-defaults
1480288175926	addons.xpi	DEBUG	getModTime: Recursive scan of firefox@getpocket.com
1480288175926	addons.xpi	DEBUG	New add-on loop@mozilla.org in app-system-defaults
1480288175926	addons.xpi	DEBUG	getModTime: Recursive scan of loop@mozilla.org
1480288175927	addons.xpi	DEBUG	New add-on {972ce4c6-7e08-4474-a285-3208198ce6fd} in app-global
1480288175927	addons.xpi	DEBUG	getModTime: Recursive scan of {972ce4c6-7e08-4474-a285-3208198ce6fd}
1480288175927	addons.xpi	DEBUG	getInstallState changed: true, state: {"app-system-defaults":{"e10srollout@mozilla.org":{"d":"C:\\Program Files\\Mozilla Firefox\\browser\\features\\e10srollout@mozilla.org.xpi","st":1465086452000},"firefox@getpocket.com":{"d":"C:\\Program Files\\Mozilla Firefox\\browser\\features\\firefox@getpocket.com.xpi","st":1465086452000},"loop@mozilla.org":{"d":"C:\\Program Files\\Mozilla Firefox\\browser\\features\\loop@mozilla.org.xpi","st":1465086453000}},"app-global":{"{972ce4c6-7e08-4474-a285-3208198ce6fd}":{"d":"C:\\Program Files\\Mozilla Firefox\\browser\\extensions\\{972ce4c6-7e08-4474-a285-3208198ce6fd}.xpi","st":1465086452000}}}
1480288175934	addons.xpi-utils	DEBUG	Opening XPI database C:\Users\cchoy\AppData\Local\Temp\rust_mozprofile.ivwcU1z7LQIU\extensions.json
1480288175935	addons.xpi-utils	DEBUG	New add-on e10srollout@mozilla.org installed in app-system-defaults
*** Blocklist::_loadBlocklistFromFile: blocklist is disabled
1480288175943	DeferredSave.extensions.json	DEBUG	Save changes
1480288175944	addons.xpi-utils	DEBUG	New add-on firefox@getpocket.com installed in app-system-defaults
1480288175947	DeferredSave.extensions.json	DEBUG	Starting timer
1480288175948	DeferredSave.extensions.json	DEBUG	Save changes
1480288175948	addons.xpi-utils	DEBUG	New add-on loop@mozilla.org installed in app-system-defaults
1480288175955	DeferredSave.extensions.json	DEBUG	Save changes
1480288175955	addons.xpi-utils	DEBUG	New add-on {972ce4c6-7e08-4474-a285-3208198ce6fd} installed in app-global
1480288175959	DeferredSave.extensions.json	DEBUG	Save changes
1480288175959	addons.xpi-utils	INFO	Hiding the updated system add-ons.
1480288175965	addons.xpi	DEBUG	Loading bootstrap scope from C:\Program Files\Mozilla Firefox\browser\features\e10srollout@mozilla.org.xpi
1480288175975	addons.xpi	DEBUG	Calling bootstrap method install on e10srollout@mozilla.org version 1.0
1480288175975	addons.xpi-utils	DEBUG	Make addon app-system-defaults:e10srollout@mozilla.org visible
1480288175975	DeferredSave.extensions.json	DEBUG	Save changes
1480288175976	addons.xpi	DEBUG	Loading bootstrap scope from C:\Program Files\Mozilla Firefox\browser\features\firefox@getpocket.com.xpi
1480288175979	addons.xpi	DEBUG	Calling bootstrap method install on firefox@getpocket.com version 1.0.2
1480288175979	addons.xpi-utils	DEBUG	Make addon app-system-defaults:firefox@getpocket.com visible
1480288175979	DeferredSave.extensions.json	DEBUG	Save changes
1480288175980	addons.xpi	DEBUG	Loading bootstrap scope from C:\Program Files\Mozilla Firefox\browser\features\loop@mozilla.org.xpi
1480288175984	addons.xpi	DEBUG	Calling bootstrap method install on loop@mozilla.org version 1.3.2
1480288175984	addons.xpi-utils	DEBUG	Make addon app-system-defaults:loop@mozilla.org visible
1480288175984	DeferredSave.extensions.json	DEBUG	Save changes
1480288175984	addons.xpi-utils	DEBUG	Make addon app-global:{972ce4c6-7e08-4474-a285-3208198ce6fd} visible
1480288175985	DeferredSave.extensions.json	DEBUG	Save changes
1480288175985	addons.xpi	DEBUG	Updating XPIState for {"id":"e10srollout@mozilla.org","syncGUID":"AwtPGG8dsSPn","location":"app-system-defaults","version":"1.0","type":"extension","internalName":null,"updateURL":null,"updateKey":null,"optionsURL":null,"optionsType":null,"aboutURL":null,"icons":{},"iconURL":null,"icon64URL":null,"defaultLocale":{"name":"Multi-process staged rollout","description":"Staged rollout of Firefox multi-process feature.","creator":null,"homepageURL":null},"visible":true,"active":true,"userDisabled":false,"appDisabled":false,"descriptor":"C:\\Program Files\\Mozilla Firefox\\browser\\features\\e10srollout@mozilla.org.xpi","installDate":1465086452000,"updateDate":1465086452000,"applyBackgroundUpdates":1,"bootstrap":true,"skinnable":false,"size":4580,"sourceURI":null,"releaseNotesURI":null,"softDisabled":false,"foreignInstall":false,"hasBinaryComponents":false,"strictCompatibility":false,"locales":[],"targetApplications":[{"id":"{ec8030f7-c20a-464f-9b0e-13a3a9e97384}","minVersion":"47.0","maxVersion":"47.0"}],"targetPlatforms":[],"multiprocessCompatible":false,"seen":true}
1480288175985	addons.xpi	DEBUG	getModTime: Recursive scan of e10srollout@mozilla.org
1480288175986	addons.xpi	DEBUG	Updating XPIState for {"id":"firefox@getpocket.com","syncGUID":"2GIc8DPqDJSb","location":"app-system-defaults","version":"1.0.2","type":"extension","internalName":null,"updateURL":null,"updateKey":null,"optionsURL":null,"optionsType":null,"aboutURL":null,"icons":{},"iconURL":null,"icon64URL":null,"defaultLocale":{"name":"Pocket","description":"When you find something you want to view later, put it in Pocket.","creator":null,"homepageURL":null},"visible":true,"active":true,"userDisabled":false,"appDisabled":false,"descriptor":"C:\\Program Files\\Mozilla Firefox\\browser\\features\\firefox@getpocket.com.xpi","installDate":1465086452000,"updateDate":1465086452000,"applyBackgroundUpdates":1,"bootstrap":true,"skinnable":false,"size":894473,"sourceURI":null,"releaseNotesURI":null,"softDisabled":false,"foreignInstall":false,"hasBinaryComponents":false,"strictCompatibility":false,"locales":[],"targetApplications":[{"id":"{ec8030f7-c20a-464f-9b0e-13a3a9e97384}","minVersion":"47.0","maxVersion":"47.0"}],"targetPlatforms":[],"multiprocessCompatible":false,"seen":true}
1480288175986	addons.xpi	DEBUG	getModTime: Recursive scan of firefox@getpocket.com
1480288175986	addons.xpi	DEBUG	Updating XPIState for {"id":"loop@mozilla.org","syncGUID":"c9AxLdl9M4x1","location":"app-system-defaults","version":"1.3.2","type":"extension","internalName":null,"updateURL":null,"updateKey":null,"optionsURL":null,"optionsType":null,"aboutURL":null,"icons":{},"iconURL":null,"icon64URL":null,"defaultLocale":{"name":"Firefox Hello","description":"Web sharing for Firefox","creator":"Mozilla","homepageURL":null},"visible":true,"active":true,"userDisabled":false,"appDisabled":false,"descriptor":"C:\\Program Files\\Mozilla Firefox\\browser\\features\\loop@mozilla.org.xpi","installDate":1465086453000,"updateDate":1465086453000,"applyBackgroundUpdates":1,"bootstrap":true,"skinnable":false,"size":4239168,"sourceURI":null,"releaseNotesURI":null,"softDisabled":false,"foreignInstall":false,"hasBinaryComponents":false,"strictCompatibility":false,"locales":[],"targetApplications":[{"id":"{ec8030f7-c20a-464f-9b0e-13a3a9e97384}","minVersion":"46.0a1","maxVersion":"47.*"},{"id":"xpcshell@tests.mozilla.org","minVersion":"0","maxVersion":"10"}],"targetPlatforms":[],"multiprocessCompatible":false,"seen":true}
1480288175986	addons.xpi	DEBUG	getModTime: Recursive scan of loop@mozilla.org
1480288175986	addons.xpi	DEBUG	Updating XPIState for {"id":"{972ce4c6-7e08-4474-a285-3208198ce6fd}","syncGUID":"2GnTyqLdR7aH","location":"app-global","version":"47.0","type":"theme","internalName":"classic/1.0","updateURL":null,"updateKey":null,"optionsURL":null,"optionsType":null,"aboutURL":null,"icons":{"32":"icon.png","48":"icon.png"},"iconURL":null,"icon64URL":null,"defaultLocale":{"name":"Default","description":"The default theme.","creator":"Mozilla","homepageURL":null,"contributors":["Mozilla Contributors"]},"visible":true,"active":true,"userDisabled":false,"appDisabled":false,"descriptor":"C:\\Program Files\\Mozilla Firefox\\browser\\extensions\\{972ce4c6-7e08-4474-a285-3208198ce6fd}.xpi","installDate":1465086452000,"updateDate":1465086452000,"applyBackgroundUpdates":1,"skinnable":true,"size":22006,"sourceURI":null,"releaseNotesURI":null,"softDisabled":false,"foreignInstall":false,"hasBinaryComponents":false,"strictCompatibility":true,"locales":[],"targetApplications":[{"id":"{ec8030f7-c20a-464f-9b0e-13a3a9e97384}","minVersion":"47.0","maxVersion":"47.0"}],"targetPlatforms":[],"seen":true}
1480288175987	addons.xpi	DEBUG	getModTime: Recursive scan of {972ce4c6-7e08-4474-a285-3208198ce6fd}
1480288175987	DeferredSave.extensions.json	DEBUG	Save changes
1480288175988	addons.xpi	DEBUG	Updating database with changes to installed add-ons
1480288175988	addons.xpi-utils	DEBUG	Updating add-on states
1480288175988	addons.xpi-utils	DEBUG	Writing add-ons list
1480288175991	addons.xpi	DEBUG	Registering manifest for C:\Program Files\Mozilla Firefox\browser\features\e10srollout@mozilla.org.xpi
1480288175992	addons.xpi	DEBUG	Calling bootstrap method startup on e10srollout@mozilla.org version 1.0
1480288175992	addons.xpi	DEBUG	Registering manifest for C:\Program Files\Mozilla Firefox\browser\features\firefox@getpocket.com.xpi
1480288175992	addons.xpi	DEBUG	Calling bootstrap method startup on firefox@getpocket.com version 1.0.2
1480288175993	addons.xpi	DEBUG	Registering manifest for C:\Program Files\Mozilla Firefox\browser\features\loop@mozilla.org.xpi
1480288175994	addons.xpi	DEBUG	Calling bootstrap method startup on loop@mozilla.org version 1.3.2
1480288176011	addons.manager	DEBUG	Registering shutdown blocker for XPIProvider
1480288176011	addons.manager	DEBUG	Provider finished startup: XPIProvider
1480288176011	addons.manager	DEBUG	Starting provider: LightweightThemeManager
1480288176011	addons.manager	DEBUG	Registering shutdown blocker for LightweightThemeManager
1480288176011	addons.manager	DEBUG	Provider finished startup: LightweightThemeManager
1480288176012	addons.manager	DEBUG	Starting provider: GMPProvider
1480288176017	addons.manager	DEBUG	Registering shutdown blocker for GMPProvider
1480288176017	addons.manager	DEBUG	Provider finished startup: GMPProvider
1480288176017	addons.manager	DEBUG	Starting provider: PluginProvider
1480288176017	addons.manager	DEBUG	Registering shutdown blocker for PluginProvider
1480288176017	addons.manager	DEBUG	Provider finished startup: PluginProvider
1480288176018	addons.manager	DEBUG	Completed startup sequence
1480288176511	Marionette	INFO	Listening on port 62223
1480288178125	addons.manager	DEBUG	Starting provider: <unnamed-provider>
1480288178125	addons.manager	DEBUG	Registering shutdown blocker for <unnamed-provider>
1480288178125	addons.manager	DEBUG	Provider finished startup: <unnamed-provider>
1480288178147	addons.manager	DEBUG	Starting provider: PreviousExperimentProvider
1480288178148	addons.manager	DEBUG	Registering shutdown blocker for PreviousExperimentProvider
1480288178148	addons.manager	DEBUG	Provider finished startup: PreviousExperimentProvider
1480288178151	DeferredSave.extensions.json	DEBUG	Starting write
1480288178344	DeferredSave.extensions.json	DEBUG	Write succeeded
1480288178344	addons.xpi-utils	DEBUG	XPI Database saved, setting schema version preference to 17
JavaScript warning: http://cdn.krxd.net/ctjs/controltag.js.c9ec434df4b6649f3a798e8d03d40769, line 8: mutating the [[Prototype]] of an object will cause your code to run very slowly; instead create the object with the correct initial [[Prototype]] value using Object.create
JavaScript warning: http://1480288571458	addons.manager	INFO	Skipping background update check
1480288811496	DeferredSave.extensions.json	DEBUG	Save changes
1480288811497	DeferredSave.extensions.json	DEBUG	Starting timer
1480288811518	DeferredSave.extensions.json	DEBUG	Starting write
1480288811525	DeferredSave.extensions.json	DEBUG	Write succeeded
1480374973841	addons.manager	INFO	Skipping background update check
1480375213849	DeferredSave.extensions.json	DEBUG	Save changes
1480375213850	DeferredSave.extensions.json	DEBUG	Starting timer
1480375213870	DeferredSave.extensions.json	DEBUG	Starting write
1480375213878	DeferredSave.extensions.json	DEBUG	Write succeeded
1480461376363	addons.manager	INFO	Skipping background update check
1480461616338	DeferredSave.extensions.json	DEBUG	Save changes
1480461616339	DeferredSave.extensions.json	DEBUG	Starting timer
1480461616360	DeferredSave.extensions.json	DEBUG	Starting write
1480461616367	DeferredSave.extensions.json	DEBUG	Write succeeded
1480504571171	addons.xpi	DEBUG	Calling bootstrap method shutdown on e10srollout@mozilla.org version 1.0
1480504571171	addons.xpi	DEBUG	Calling bootstrap method shutdown on firefox@getpocket.com version 1.0.2
1480504571172	addons.xpi	DEBUG	Calling bootstrap method shutdown on loop@mozilla.org version 1.3.2
1480504571224	addons.manager	DEBUG	shutdown
1480504571224	addons.manager	DEBUG	Calling shutdown blocker for XPIProvider
1480504571224	addons.xpi	DEBUG	shutdown
1480504571224	addons.xpi-utils	DEBUG	shutdown
1480504571225	addons.manager	DEBUG	Calling shutdown blocker for LightweightThemeManager
1480504571225	addons.manager	DEBUG	Calling shutdown blocker for GMPProvider
1480504571226	addons.manager	DEBUG	Calling shutdown blocker for PluginProvider
1480504571227	addons.manager	DEBUG	Calling shutdown blocker for <unnamed-provider>
1480504571228	addons.manager	DEBUG	Calling shutdown blocker for PreviousExperimentProvider
1480504571230	addons.xpi	DEBUG	Notifying XPI shutdown observers
1480504571233	addons.manager	DEBUG	Async provider shutdown done
e succeeded
1480458274278	addons.manager	INFO	Skipping background update check
1480458514316	DeferredSave.extensions.json	DEBUG	Save changes
1480458514316	DeferredSave.extensions.json	DEBUG	Starting timer
1480458514338	DeferredSave.extensions.json	DEBUG	Starting write
1480458514346	DeferredSave.extensions.json	DEBUG	Write succeeded
1480504572074	addons.xpi	DEBUG	Calling bootstrap method shutdown on e10srollout@mozilla.org version 1.0
1480504572074	addons.xpi	DEBUG	Calling bootstrap method shutdown on firefox@getpocket.com version 1.0.2
1480504572075	addons.xpi	DEBUG	Calling bootstrap method shutdown on loop@mozilla.org version 1.3.2
1480504572131	addons.manager	DEBUG	shutdown
1480504572131	addons.manager	DEBUG	Calling shutdown blocker for XPIProvider
1480504572131	addons.xpi	DEBUG	shutdown
1480504572132	addons.xpi-utils	DEBUG	shutdown
1480504572132	addons.manager	DEBUG	Calling shutdown blocker for LightweightThemeManager
1480504572132	addons.manager	DEBUG	Calling shutdown blocker for GMPProvider
1480504572134	addons.manager	DEBUG	Calling shutdown blocker for PluginProvider
1480504572134	addons.manager	DEBUG	Calling shutdown blocker for <unnamed-provider>
1480504572136	addons.manager	DEBUG	Calling shutdown blocker for PreviousExperimentProvider
1480504572138	addons.xpi	DEBUG	Notifying XPI shutdown observers
1480504572141	addons.manager	DEBUG	Async provider shutdown done
for LightweightThemeManager
1480504570289	addons.manager	DEBUG	Calling shutdown blocker for GMPProvider
1480504570291	addons.manager	DEBUG	Calling shutdown blocker for PluginProvider
1480504570291	addons.manager	DEBUG	Calling shutdown blocker for <unnamed-provider>
1480504570293	addons.manager	DEBUG	Calling shutdown blocker for PreviousExperimentProvider
1480504570295	addons.xpi	DEBUG	Notifying XPI shutdown observers
1480504570298	addons.manager	DEBUG	Async provider shutdown done
tensions.json	DEBUG	Write succeeded
1480373836897	addons.manager	INFO	Skipping background update check
1480374076936	DeferredSave.extensions.json	DEBUG	Save changes
1480374076937	DeferredSave.extensions.json	DEBUG	Starting timer
1480374076959	DeferredSave.extensions.json	DEBUG	Starting write
1480374076967	DeferredSave.extensions.json	DEBUG	Write succeeded
1480460239328	addons.manager	INFO	Skipping background update check
1480460479365	DeferredSave.extensions.json	DEBUG	Save changes
1480460479365	DeferredSave.extensions.json	DEBUG	Starting timer
1480460479387	DeferredSave.extensions.json	DEBUG	Starting write
1480460479395	DeferredSave.extensions.json	DEBUG	Write succeeded
1480504571627	addons.xpi	DEBUG	Calling bootstrap method shutdown on e10srollout@mozilla.org version 1.0
1480504571627	addons.xpi	DEBUG	Calling bootstrap method shutdown on firefox@getpocket.com version 1.0.2
1480504571628	addons.xpi	DEBUG	Calling bootstrap method shutdown on loop@mozilla.org version 1.3.2
1480504571680	addons.manager	DEBUG	shutdown
1480504571681	addons.manager	DEBUG	Calling shutdown blocker for XPIProvider
1480504571681	addons.xpi	DEBUG	shutdown
1480504571681	addons.xpi-utils	DEBUG	shutdown
1480504571681	addons.manager	DEBUG	Calling shutdown blocker for LightweightThemeManager
1480504571682	addons.manager	DEBUG	Calling shutdown blocker for GMPProvider
1480504571683	addons.manager	DEBUG	Calling shutdown blocker for PluginProvider
1480504571684	addons.manager	DEBUG	Calling shutdown blocker for <unnamed-provider>
1480504571685	addons.manager	DEBUG	Calling shutdown blocker for PreviousExperimentProvider
1480504571687	addons.xpi	DEBUG	Notifying XPI shutdown observers
1480504571690	addons.manager	DEBUG	Async provider shutdown done
